<?xml version="1.0" encoding="UTF-8"?>
<testsuite name="devops.example.gradledemo.GradledemoApplicationTests" tests="1" skipped="0" failures="0" errors="0" timestamp="2022-06-09T09:18:32" hostname="NB-BH-U3-3765" time="0.213">
  <properties/>
  <testcase name="contextLoads()" classname="devops.example.gradledemo.GradledemoApplicationTests" time="0.213"/>
  <system-out><![CDATA[12:18:30.359 [Test worker] DEBUG org.springframework.test.context.BootstrapUtils - Instantiating CacheAwareContextLoaderDelegate from class [org.springframework.test.context.cache.DefaultCacheAwareContextLoaderDelegate]
12:18:30.369 [Test worker] DEBUG org.springframework.test.context.BootstrapUtils - Instantiating BootstrapContext using constructor [public org.springframework.test.context.support.DefaultBootstrapContext(java.lang.Class,org.springframework.test.context.CacheAwareContextLoaderDelegate)]
12:18:30.397 [Test worker] DEBUG org.springframework.test.context.BootstrapUtils - Instantiating TestContextBootstrapper for test class [devops.example.gradledemo.GradledemoApplicationTests] from class [org.springframework.boot.test.context.SpringBootTestContextBootstrapper]
12:18:30.405 [Test worker] INFO org.springframework.boot.test.context.SpringBootTestContextBootstrapper - Neither @ContextConfiguration nor @ContextHierarchy found for test class [devops.example.gradledemo.GradledemoApplicationTests], using SpringBootContextLoader
12:18:30.408 [Test worker] DEBUG org.springframework.test.context.support.AbstractContextLoader - Did not detect default resource location for test class [devops.example.gradledemo.GradledemoApplicationTests]: class path resource [devops/example/gradledemo/GradledemoApplicationTests-context.xml] does not exist
12:18:30.408 [Test worker] DEBUG org.springframework.test.context.support.AbstractContextLoader - Did not detect default resource location for test class [devops.example.gradledemo.GradledemoApplicationTests]: class path resource [devops/example/gradledemo/GradledemoApplicationTestsContext.groovy] does not exist
12:18:30.408 [Test worker] INFO org.springframework.test.context.support.AbstractContextLoader - Could not detect default resource locations for test class [devops.example.gradledemo.GradledemoApplicationTests]: no resource found for suffixes {-context.xml, Context.groovy}.
12:18:30.409 [Test worker] INFO org.springframework.test.context.support.AnnotationConfigContextLoaderUtils - Could not detect default configuration classes for test class [devops.example.gradledemo.GradledemoApplicationTests]: GradledemoApplicationTests does not declare any static, non-private, non-final, nested classes annotated with @Configuration.
12:18:30.440 [Test worker] DEBUG org.springframework.test.context.support.ActiveProfilesUtils - Could not find an 'annotation declaring class' for annotation type [org.springframework.test.context.ActiveProfiles] and class [devops.example.gradledemo.GradledemoApplicationTests]
12:18:30.497 [Test worker] DEBUG org.springframework.context.annotation.ClassPathScanningCandidateComponentProvider - Identified candidate component class: file [/home/andreitirban/Desktop/gradledemo/build/classes/java/main/devops/example/gradledemo/GradledemoApplication.class]
12:18:30.498 [Test worker] INFO org.springframework.boot.test.context.SpringBootTestContextBootstrapper - Found @SpringBootConfiguration devops.example.gradledemo.GradledemoApplication for test class devops.example.gradledemo.GradledemoApplicationTests
12:18:30.558 [Test worker] DEBUG org.springframework.boot.test.context.SpringBootTestContextBootstrapper - @TestExecutionListeners is not present for class [devops.example.gradledemo.GradledemoApplicationTests]: using defaults.
12:18:30.559 [Test worker] INFO org.springframework.boot.test.context.SpringBootTestContextBootstrapper - Loaded default TestExecutionListener class names from location [META-INF/spring.factories]: [org.springframework.boot.test.autoconfigure.restdocs.RestDocsTestExecutionListener, org.springframework.boot.test.autoconfigure.web.client.MockRestServiceServerResetTestExecutionListener, org.springframework.boot.test.autoconfigure.web.servlet.MockMvcPrintOnlyOnFailureTestExecutionListener, org.springframework.boot.test.autoconfigure.web.servlet.WebDriverTestExecutionListener, org.springframework.boot.test.autoconfigure.webservices.client.MockWebServiceServerTestExecutionListener, org.springframework.boot.test.mock.mockito.MockitoTestExecutionListener, org.springframework.boot.test.mock.mockito.ResetMocksTestExecutionListener, org.springframework.test.context.web.ServletTestExecutionListener, org.springframework.test.context.support.DirtiesContextBeforeModesTestExecutionListener, org.springframework.test.context.event.ApplicationEventsTestExecutionListener, org.springframework.test.context.support.DependencyInjectionTestExecutionListener, org.springframework.test.context.support.DirtiesContextTestExecutionListener, org.springframework.test.context.transaction.TransactionalTestExecutionListener, org.springframework.test.context.jdbc.SqlScriptsTestExecutionListener, org.springframework.test.context.event.EventPublishingTestExecutionListener]
12:18:30.566 [Test worker] DEBUG org.springframework.boot.test.context.SpringBootTestContextBootstrapper - Skipping candidate TestExecutionListener [org.springframework.test.context.transaction.TransactionalTestExecutionListener] due to a missing dependency. Specify custom listener classes or make the default listener classes and their required dependencies available. Offending class: [org/springframework/transaction/interceptor/TransactionAttributeSource]
12:18:30.566 [Test worker] DEBUG org.springframework.boot.test.context.SpringBootTestContextBootstrapper - Skipping candidate TestExecutionListener [org.springframework.test.context.jdbc.SqlScriptsTestExecutionListener] due to a missing dependency. Specify custom listener classes or make the default listener classes and their required dependencies available. Offending class: [org/springframework/transaction/interceptor/TransactionAttribute]
12:18:30.567 [Test worker] INFO org.springframework.boot.test.context.SpringBootTestContextBootstrapper - Using TestExecutionListeners: [org.springframework.test.context.web.ServletTestExecutionListener@1698ee84, org.springframework.test.context.support.DirtiesContextBeforeModesTestExecutionListener@10c626be, org.springframework.test.context.event.ApplicationEventsTestExecutionListener@2fc0cc3, org.springframework.boot.test.mock.mockito.MockitoTestExecutionListener@328cf0e1, org.springframework.boot.test.autoconfigure.SpringBootDependencyInjectionTestExecutionListener@63b1d4fa, org.springframework.test.context.support.DirtiesContextTestExecutionListener@42e3ede4, org.springframework.test.context.event.EventPublishingTestExecutionListener@201b6b6f, org.springframework.boot.test.autoconfigure.restdocs.RestDocsTestExecutionListener@75459c75, org.springframework.boot.test.autoconfigure.web.client.MockRestServiceServerResetTestExecutionListener@183e8023, org.springframework.boot.test.autoconfigure.web.servlet.MockMvcPrintOnlyOnFailureTestExecutionListener@45efc20d, org.springframework.boot.test.autoconfigure.web.servlet.WebDriverTestExecutionListener@3e5499cc, org.springframework.boot.test.autoconfigure.webservices.client.MockWebServiceServerTestExecutionListener@67ab1c47, org.springframework.boot.test.mock.mockito.ResetMocksTestExecutionListener@b78a709]
12:18:30.569 [Test worker] DEBUG org.springframework.test.context.support.AbstractDirtiesContextTestExecutionListener - Before test class: context [DefaultTestContext@45c8d09f testClass = GradledemoApplicationTests, testInstance = [null], testMethod = [null], testException = [null], mergedContextConfiguration = [WebMergedContextConfiguration@53812a9b testClass = GradledemoApplicationTests, locations = '{}', classes = '{class devops.example.gradledemo.GradledemoApplication}', contextInitializerClasses = '[]', activeProfiles = '{}', propertySourceLocations = '{}', propertySourceProperties = '{org.springframework.boot.test.context.SpringBootTestContextBootstrapper=true}', contextCustomizers = set[org.springframework.boot.test.autoconfigure.actuate.metrics.MetricsExportContextCustomizerFactory$DisableMetricExportContextCustomizer@7d286fb6, org.springframework.boot.test.autoconfigure.properties.PropertyMappingContextCustomizer@0, org.springframework.boot.test.autoconfigure.web.servlet.WebDriverContextCustomizerFactory$Customizer@301eda63, org.springframework.boot.test.context.filter.ExcludeFilterContextCustomizer@1bd39d3c, org.springframework.boot.test.json.DuplicateJsonObjectContextCustomizerFactory$DuplicateJsonObjectContextCustomizer@5454d35e, org.springframework.boot.test.mock.mockito.MockitoContextCustomizer@0, org.springframework.boot.test.web.client.TestRestTemplateContextCustomizer@4b213651, org.springframework.boot.test.context.SpringBootTestArgs@1, org.springframework.boot.test.context.SpringBootTestWebEnvironment@4c178a76], resourceBasePath = 'src/main/webapp', contextLoader = 'org.springframework.boot.test.context.SpringBootContextLoader', parent = [null]], attributes = map['org.springframework.test.context.web.ServletTestExecutionListener.activateListener' -> true]], class annotated with @DirtiesContext [false] with mode [null].

  .   ____          _            __ _ _
 /\\ / ___'_ __ _ _(_)_ __  __ _ \ \ \ \
( ( )\___ | '_ | '_| | '_ \/ _` | \ \ \ \
 \\/  ___)| |_)| | | | | || (_| |  ) ) ) )
  '  |____| .__|_| |_|_| |_\__, | / / / /
 =========|_|==============|___/=/_/_/_/
 :: Spring Boot ::                (v2.7.0)

2022-06-09 12:18:30.858  INFO 3926104 --- [    Test worker] d.e.g.GradledemoApplicationTests         : Starting GradledemoApplicationTests using Java 11.0.15 on NB-BH-U3-3765 with PID 3926104 (started by andreitirban in /home/andreitirban/Desktop/gradledemo)
2022-06-09 12:18:30.859  INFO 3926104 --- [    Test worker] d.e.g.GradledemoApplicationTests         : No active profile set, falling back to 1 default profile: "default"
2022-06-09 12:18:32.013  INFO 3926104 --- [    Test worker] d.e.g.GradledemoApplicationTests         : Started GradledemoApplicationTests in 1.417 seconds (JVM running for 2.252)
]]></system-out>
  <system-err><![CDATA[]]></system-err>
</testsuite>
